<?xml version="1.0" encoding="UTF-8"?>
<!-- Generated by org.testng.reporters.JUnitReportReporter -->
<testsuite hostname="DESKTOP-BT11GIK" failures="0" tests="1" name="com.demoqa.tests.PracticeFormTest" time="5.826" errors="0" timestamp="2024-04-22T21:09:29 CEST" skipped="0">
  <testcase classname="com.demoqa.tests.PracticeFormTest" name="createStudentAccountTest" time="5.826"/>
</testsuite> <!-- com.demoqa.tests.PracticeFormTest -->
